{"/Users/shanesilvernail/Assignments/Assignments/Express/SQLPractice/BIZTIME/app.js": {"path":"/Users/shanesilvernail/Assignments/Assignments/Express/SQLPractice/BIZTIME/app.js","statementMap":{"0":{"start":{"line":4,"column":16},"end":{"line":4,"column":34}},"1":{"start":{"line":6,"column":12},"end":{"line":6,"column":21}},"2":{"start":{"line":7,"column":21},"end":{"line":7,"column":46}},"3":{"start":{"line":9,"column":0},"end":{"line":9,"column":24}},"4":{"start":{"line":11,"column":18},"end":{"line":11,"column":47}},"5":{"start":{"line":12,"column":17},"end":{"line":12,"column":45}},"6":{"start":{"line":13,"column":0},"end":{"line":13,"column":33}},"7":{"start":{"line":14,"column":0},"end":{"line":14,"column":31}},"8":{"start":{"line":22,"column":0},"end":{"line":25,"column":3}},"9":{"start":{"line":23,"column":14},"end":{"line":23,"column":48}},"10":{"start":{"line":24,"column":2},"end":{"line":24,"column":19}},"11":{"start":{"line":29,"column":0},"end":{"line":36,"column":3}},"12":{"start":{"line":30,"column":2},"end":{"line":30,"column":32}},"13":{"start":{"line":32,"column":2},"end":{"line":35,"column":5}},"14":{"start":{"line":39,"column":0},"end":{"line":39,"column":21}}},"fnMap":{"0":{"name":"(anonymous_0)","decl":{"start":{"line":22,"column":8},"end":{"line":22,"column":9}},"loc":{"start":{"line":22,"column":33},"end":{"line":25,"column":1}},"line":22},"1":{"name":"(anonymous_1)","decl":{"start":{"line":29,"column":8},"end":{"line":29,"column":9}},"loc":{"start":{"line":29,"column":33},"end":{"line":36,"column":1}},"line":29}},"branchMap":{"0":{"loc":{"start":{"line":30,"column":13},"end":{"line":30,"column":30}},"type":"binary-expr","locations":[{"start":{"line":30,"column":13},"end":{"line":30,"column":23}},{"start":{"line":30,"column":27},"end":{"line":30,"column":30}}],"line":30}},"s":{"0":2,"1":2,"2":2,"3":2,"4":2,"5":2,"6":2,"7":2,"8":2,"9":0,"10":0,"11":2,"12":3,"13":3,"14":2},"f":{"0":0,"1":3},"b":{"0":[3,1]},"_coverageSchema":"1a1c01bbd47fc00a2c39e90264f33305004495a9","hash":"9b24c62929a5b6db29baf9cfbf0e80a9caefc076"}
,"/Users/shanesilvernail/Assignments/Assignments/Express/SQLPractice/BIZTIME/db.js": {"path":"/Users/shanesilvernail/Assignments/Assignments/Express/SQLPractice/BIZTIME/db.js","statementMap":{"0":{"start":{"line":3,"column":19},"end":{"line":3,"column":32}},"1":{"start":{"line":9,"column":0},"end":{"line":13,"column":1}},"2":{"start":{"line":10,"column":2},"end":{"line":10,"column":40}},"3":{"start":{"line":12,"column":2},"end":{"line":12,"column":35}},"4":{"start":{"line":15,"column":9},"end":{"line":17,"column":2}},"5":{"start":{"line":19,"column":0},"end":{"line":19,"column":13}},"6":{"start":{"line":21,"column":0},"end":{"line":21,"column":20}}},"fnMap":{},"branchMap":{"0":{"loc":{"start":{"line":9,"column":0},"end":{"line":13,"column":1}},"type":"if","locations":[{"start":{"line":9,"column":0},"end":{"line":13,"column":1}},{"start":{"line":11,"column":7},"end":{"line":13,"column":1}}],"line":9}},"s":{"0":2,"1":2,"2":2,"3":0,"4":2,"5":2,"6":2},"f":{},"b":{"0":[2,0]},"_coverageSchema":"1a1c01bbd47fc00a2c39e90264f33305004495a9","hash":"eb960255f2bff0e88a43287054f35ccf78f053ef"}
,"/Users/shanesilvernail/Assignments/Assignments/Express/SQLPractice/BIZTIME/expressError.js": {"path":"/Users/shanesilvernail/Assignments/Assignments/Express/SQLPractice/BIZTIME/expressError.js","statementMap":{"0":{"start":{"line":9,"column":4},"end":{"line":9,"column":12}},"1":{"start":{"line":10,"column":4},"end":{"line":10,"column":27}},"2":{"start":{"line":11,"column":4},"end":{"line":11,"column":25}},"3":{"start":{"line":12,"column":4},"end":{"line":12,"column":30}},"4":{"start":{"line":17,"column":0},"end":{"line":17,"column":30}}},"fnMap":{"0":{"name":"(anonymous_0)","decl":{"start":{"line":8,"column":2},"end":{"line":8,"column":3}},"loc":{"start":{"line":8,"column":31},"end":{"line":13,"column":3}},"line":8}},"branchMap":{},"s":{"0":2,"1":2,"2":2,"3":2,"4":2},"f":{"0":2},"b":{},"_coverageSchema":"1a1c01bbd47fc00a2c39e90264f33305004495a9","hash":"3721dd397c6541ee59b81463b00ee8618970eebc"}
,"/Users/shanesilvernail/Assignments/Assignments/Express/SQLPractice/BIZTIME/routes/companies.js": {"path":"/Users/shanesilvernail/Assignments/Assignments/Express/SQLPractice/BIZTIME/routes/companies.js","statementMap":{"0":{"start":{"line":1,"column":16},"end":{"line":1,"column":34}},"1":{"start":{"line":2,"column":21},"end":{"line":2,"column":47}},"2":{"start":{"line":3,"column":15},"end":{"line":3,"column":31}},"3":{"start":{"line":4,"column":11},"end":{"line":4,"column":27}},"4":{"start":{"line":9,"column":0},"end":{"line":16,"column":3}},"5":{"start":{"line":10,"column":4},"end":{"line":15,"column":5}},"6":{"start":{"line":11,"column":24},"end":{"line":11,"column":65}},"7":{"start":{"line":12,"column":8},"end":{"line":12,"column":55}},"8":{"start":{"line":14,"column":8},"end":{"line":14,"column":22}},"9":{"start":{"line":18,"column":0},"end":{"line":30,"column":3}},"10":{"start":{"line":19,"column":4},"end":{"line":29,"column":5}},"11":{"start":{"line":20,"column":25},"end":{"line":20,"column":35}},"12":{"start":{"line":21,"column":24},"end":{"line":21,"column":87}},"13":{"start":{"line":22,"column":8},"end":{"line":24,"column":9}},"14":{"start":{"line":23,"column":12},"end":{"line":23,"column":80}},"15":{"start":{"line":25,"column":25},"end":{"line":25,"column":92}},"16":{"start":{"line":26,"column":8},"end":{"line":26,"column":81}},"17":{"start":{"line":28,"column":8},"end":{"line":28,"column":22}},"18":{"start":{"line":32,"column":0},"end":{"line":40,"column":2}},"19":{"start":{"line":33,"column":4},"end":{"line":39,"column":5}},"20":{"start":{"line":34,"column":44},"end":{"line":34,"column":52}},"21":{"start":{"line":35,"column":24},"end":{"line":35,"column":148}},"22":{"start":{"line":36,"column":8},"end":{"line":36,"column":66}},"23":{"start":{"line":38,"column":8},"end":{"line":38,"column":23}},"24":{"start":{"line":42,"column":0},"end":{"line":54,"column":2}},"25":{"start":{"line":43,"column":4},"end":{"line":53,"column":5}},"26":{"start":{"line":44,"column":38},"end":{"line":44,"column":46}},"27":{"start":{"line":45,"column":25},"end":{"line":45,"column":35}},"28":{"start":{"line":46,"column":24},"end":{"line":46,"column":140}},"29":{"start":{"line":47,"column":8},"end":{"line":49,"column":9}},"30":{"start":{"line":48,"column":12},"end":{"line":48,"column":82}},"31":{"start":{"line":50,"column":8},"end":{"line":50,"column":66}},"32":{"start":{"line":52,"column":8},"end":{"line":52,"column":23}},"33":{"start":{"line":56,"column":0},"end":{"line":65,"column":2}},"34":{"start":{"line":57,"column":4},"end":{"line":64,"column":5}},"35":{"start":{"line":58,"column":25},"end":{"line":58,"column":35}},"36":{"start":{"line":59,"column":24},"end":{"line":59,"column":85}},"37":{"start":{"line":60,"column":8},"end":{"line":60,"column":49}},"38":{"start":{"line":63,"column":8},"end":{"line":63,"column":23}},"39":{"start":{"line":69,"column":0},"end":{"line":69,"column":24}}},"fnMap":{"0":{"name":"(anonymous_0)","decl":{"start":{"line":9,"column":16},"end":{"line":9,"column":17}},"loc":{"start":{"line":9,"column":42},"end":{"line":16,"column":1}},"line":9},"1":{"name":"(anonymous_1)","decl":{"start":{"line":18,"column":21},"end":{"line":18,"column":22}},"loc":{"start":{"line":18,"column":47},"end":{"line":30,"column":1}},"line":18},"2":{"name":"(anonymous_2)","decl":{"start":{"line":32,"column":17},"end":{"line":32,"column":18}},"loc":{"start":{"line":32,"column":43},"end":{"line":40,"column":1}},"line":32},"3":{"name":"(anonymous_3)","decl":{"start":{"line":42,"column":23},"end":{"line":42,"column":24}},"loc":{"start":{"line":42,"column":49},"end":{"line":54,"column":1}},"line":42},"4":{"name":"(anonymous_4)","decl":{"start":{"line":56,"column":24},"end":{"line":56,"column":25}},"loc":{"start":{"line":56,"column":50},"end":{"line":65,"column":1}},"line":56}},"branchMap":{"0":{"loc":{"start":{"line":22,"column":8},"end":{"line":24,"column":9}},"type":"if","locations":[{"start":{"line":22,"column":8},"end":{"line":24,"column":9}},{"start":{},"end":{}}],"line":22},"1":{"loc":{"start":{"line":47,"column":8},"end":{"line":49,"column":9}},"type":"if","locations":[{"start":{"line":47,"column":8},"end":{"line":49,"column":9}},{"start":{},"end":{}}],"line":47}},"s":{"0":2,"1":2,"2":2,"3":2,"4":2,"5":1,"6":1,"7":1,"8":0,"9":2,"10":2,"11":2,"12":2,"13":2,"14":1,"15":1,"16":1,"17":1,"18":2,"19":1,"20":1,"21":1,"22":1,"23":0,"24":2,"25":2,"26":2,"27":2,"28":2,"29":2,"30":1,"31":1,"32":1,"33":2,"34":1,"35":1,"36":1,"37":1,"38":0,"39":2},"f":{"0":1,"1":2,"2":1,"3":2,"4":1},"b":{"0":[1,1],"1":[1,1]},"_coverageSchema":"1a1c01bbd47fc00a2c39e90264f33305004495a9","hash":"533fc6255d4814904eeecff48ccbac3a3b89ab78"}
,"/Users/shanesilvernail/Assignments/Assignments/Express/SQLPractice/BIZTIME/routes/invoices.js": {"path":"/Users/shanesilvernail/Assignments/Assignments/Express/SQLPractice/BIZTIME/routes/invoices.js","statementMap":{"0":{"start":{"line":1,"column":16},"end":{"line":1,"column":34}},"1":{"start":{"line":2,"column":21},"end":{"line":2,"column":47}},"2":{"start":{"line":3,"column":15},"end":{"line":3,"column":31}},"3":{"start":{"line":4,"column":11},"end":{"line":4,"column":27}},"4":{"start":{"line":6,"column":0},"end":{"line":13,"column":2}},"5":{"start":{"line":7,"column":4},"end":{"line":12,"column":5}},"6":{"start":{"line":8,"column":24},"end":{"line":8,"column":64}},"7":{"start":{"line":9,"column":8},"end":{"line":9,"column":39}},"8":{"start":{"line":11,"column":8},"end":{"line":11,"column":23}},"9":{"start":{"line":14,"column":0},"end":{"line":27,"column":2}},"10":{"start":{"line":15,"column":4},"end":{"line":26,"column":5}},"11":{"start":{"line":16,"column":23},"end":{"line":16,"column":33}},"12":{"start":{"line":17,"column":24},"end":{"line":17,"column":82}},"13":{"start":{"line":18,"column":8},"end":{"line":20,"column":9}},"14":{"start":{"line":19,"column":12},"end":{"line":19,"column":70}},"15":{"start":{"line":21,"column":30},"end":{"line":21,"column":45}},"16":{"start":{"line":22,"column":24},"end":{"line":22,"column":92}},"17":{"start":{"line":23,"column":8},"end":{"line":23,"column":80}},"18":{"start":{"line":25,"column":8},"end":{"line":25,"column":23}},"19":{"start":{"line":29,"column":0},"end":{"line":37,"column":2}},"20":{"start":{"line":30,"column":4},"end":{"line":36,"column":5}},"21":{"start":{"line":31,"column":66},"end":{"line":31,"column":74}},"22":{"start":{"line":32,"column":24},"end":{"line":32,"column":203}},"23":{"start":{"line":33,"column":8},"end":{"line":33,"column":66}},"24":{"start":{"line":35,"column":8},"end":{"line":35,"column":23}},"25":{"start":{"line":39,"column":0},"end":{"line":51,"column":3}},"26":{"start":{"line":40,"column":4},"end":{"line":50,"column":5}},"27":{"start":{"line":41,"column":23},"end":{"line":41,"column":33}},"28":{"start":{"line":42,"column":24},"end":{"line":42,"column":32}},"29":{"start":{"line":43,"column":24},"end":{"line":43,"column":103}},"30":{"start":{"line":44,"column":8},"end":{"line":46,"column":9}},"31":{"start":{"line":45,"column":12},"end":{"line":45,"column":73}},"32":{"start":{"line":47,"column":8},"end":{"line":47,"column":54}},"33":{"start":{"line":49,"column":8},"end":{"line":49,"column":23}},"34":{"start":{"line":54,"column":0},"end":{"line":62,"column":2}},"35":{"start":{"line":55,"column":4},"end":{"line":61,"column":5}},"36":{"start":{"line":56,"column":23},"end":{"line":56,"column":33}},"37":{"start":{"line":57,"column":24},"end":{"line":57,"column":80}},"38":{"start":{"line":58,"column":8},"end":{"line":58,"column":61}},"39":{"start":{"line":60,"column":8},"end":{"line":60,"column":23}},"40":{"start":{"line":63,"column":0},"end":{"line":63,"column":24}}},"fnMap":{"0":{"name":"(anonymous_0)","decl":{"start":{"line":6,"column":16},"end":{"line":6,"column":17}},"loc":{"start":{"line":6,"column":42},"end":{"line":13,"column":1}},"line":6},"1":{"name":"(anonymous_1)","decl":{"start":{"line":14,"column":19},"end":{"line":14,"column":20}},"loc":{"start":{"line":14,"column":45},"end":{"line":27,"column":1}},"line":14},"2":{"name":"(anonymous_2)","decl":{"start":{"line":29,"column":17},"end":{"line":29,"column":18}},"loc":{"start":{"line":29,"column":43},"end":{"line":37,"column":1}},"line":29},"3":{"name":"(anonymous_3)","decl":{"start":{"line":39,"column":19},"end":{"line":39,"column":20}},"loc":{"start":{"line":39,"column":45},"end":{"line":51,"column":1}},"line":39},"4":{"name":"(anonymous_4)","decl":{"start":{"line":54,"column":22},"end":{"line":54,"column":23}},"loc":{"start":{"line":54,"column":48},"end":{"line":62,"column":1}},"line":54}},"branchMap":{"0":{"loc":{"start":{"line":18,"column":8},"end":{"line":20,"column":9}},"type":"if","locations":[{"start":{"line":18,"column":8},"end":{"line":20,"column":9}},{"start":{},"end":{}}],"line":18},"1":{"loc":{"start":{"line":44,"column":8},"end":{"line":46,"column":9}},"type":"if","locations":[{"start":{"line":44,"column":8},"end":{"line":46,"column":9}},{"start":{},"end":{}}],"line":44}},"s":{"0":2,"1":2,"2":2,"3":2,"4":2,"5":1,"6":1,"7":1,"8":0,"9":2,"10":1,"11":1,"12":1,"13":1,"14":0,"15":1,"16":1,"17":1,"18":0,"19":2,"20":1,"21":1,"22":1,"23":0,"24":1,"25":2,"26":1,"27":1,"28":1,"29":1,"30":1,"31":0,"32":1,"33":0,"34":2,"35":1,"36":1,"37":1,"38":1,"39":0,"40":2},"f":{"0":1,"1":1,"2":1,"3":1,"4":1},"b":{"0":[0,1],"1":[0,1]},"_coverageSchema":"1a1c01bbd47fc00a2c39e90264f33305004495a9","hash":"f04255f0bde83c29e841b4f75d8820ddd2f36b8e"}
}
